{"level":"info","message":"::1 - - [05/Nov/2024:10:55:48 +0000] \"GET /api/products HTTP/1.1\" 200 952 \"-\" \"PostmanRuntime/7.39.1\""}
{"level":"info","message":"::1 - - [05/Nov/2024:12:28:47 +0000] \"PUT /api/products/5 HTTP/1.1\" 500 450 \"-\" \"PostmanRuntime/7.39.1\""}
{"level":"info","message":"::1 - - [06/Nov/2024:04:13:07 +0000] \"POST /api/upload/upload HTTP/1.1\" 200 52 \"-\" \"PostmanRuntime/7.39.1\""}
{"level":"info","message":"::1 - - [06/Nov/2024:04:13:20 +0000] \"POST /api/upload/upload HTTP/1.1\" 200 52 \"-\" \"PostmanRuntime/7.39.1\""}
{"level":"info","message":"::1 - - [06/Nov/2024:04:14:19 +0000] \"POST /api/upload/upload HTTP/1.1\" 200 52 \"-\" \"PostmanRuntime/7.39.1\""}
{"level":"info","message":"::1 - - [06/Nov/2024:04:15:16 +0000] \"POST /api/upload/upload HTTP/1.1\" 200 52 \"-\" \"PostmanRuntime/7.39.1\""}
{"level":"info","message":"::1 - - [06/Nov/2024:04:25:56 +0000] \"POST /api/upload/upload HTTP/1.1\" 200 52 \"-\" \"PostmanRuntime/7.39.1\""}
{"level":"info","message":"::1 - - [06/Nov/2024:04:33:18 +0000] \"POST /api/upload/upload HTTP/1.1\" 200 52 \"-\" \"PostmanRuntime/7.39.1\""}
{"level":"info","message":"::1 - - [06/Nov/2024:04:35:21 +0000] \"POST /api/upload/upload HTTP/1.1\" 200 52 \"-\" \"PostmanRuntime/7.39.1\""}
{"level":"info","message":"::1 - - [06/Nov/2024:04:36:15 +0000] \"POST /api/upload/upload HTTP/1.1\" 200 52 \"-\" \"PostmanRuntime/7.39.1\""}
{"level":"info","message":"::1 - - [06/Nov/2024:04:38:27 +0000] \"POST /api/upload/upload HTTP/1.1\" 200 387 \"-\" \"PostmanRuntime/7.39.1\""}
{"level":"info","message":"::1 - - [06/Nov/2024:04:38:38 +0000] \"POST /api/upload/upload HTTP/1.1\" 200 387 \"-\" \"PostmanRuntime/7.39.1\""}
{"level":"info","message":"::1 - - [06/Nov/2024:08:29:43 +0000] \"POST /api/upload/upload HTTP/1.1\" 500 46 \"-\" \"PostmanRuntime/7.42.0\""}
{"level":"info","message":"::1 - - [06/Nov/2024:08:31:26 +0000] \"POST /api/upload/upload HTTP/1.1\" 500 46 \"-\" \"PostmanRuntime/7.42.0\""}
{"level":"info","message":"::1 - - [06/Nov/2024:08:32:05 +0000] \"POST /api/upload/upload HTTP/1.1\" 200 204 \"-\" \"PostmanRuntime/7.42.0\""}
{"level":"info","message":"::1 - - [06/Nov/2024:08:33:09 +0000] \"POST /api/upload/upload HTTP/1.1\" 200 354 \"-\" \"PostmanRuntime/7.42.0\""}
{"level":"info","message":"::1 - - [06/Nov/2024:08:48:33 +0000] \"POST /api/upload/upload HTTP/1.1\" 200 355 \"-\" \"PostmanRuntime/7.42.0\""}
{"level":"info","message":"::1 - - [06/Nov/2024:10:06:45 +0000] \"GET /api/categories HTTP/1.1\" 200 160 \"-\" \"PostmanRuntime/7.39.1\""}
{"level":"info","message":"::1 - - [06/Nov/2024:10:07:24 +0000] \"GET /api/categories HTTP/1.1\" 200 160 \"-\" \"PostmanRuntime/7.39.1\""}
{"level":"info","message":"::1 - - [06/Nov/2024:10:07:26 +0000] \"GET /api/categories HTTP/1.1\" 200 160 \"-\" \"PostmanRuntime/7.39.1\""}
{"level":"info","message":"::1 - - [06/Nov/2024:10:07:32 +0000] \"GET /api/categories HTTP/1.1\" 200 160 \"-\" \"PostmanRuntime/7.39.1\""}
{"level":"info","message":"::1 - - [06/Nov/2024:10:07:55 +0000] \"GET /api/categories HTTP/1.1\" 200 160 \"-\" \"PostmanRuntime/7.39.1\""}
{"level":"info","message":"::1 - - [06/Nov/2024:10:08:11 +0000] \"GET /api/products HTTP/1.1\" 200 952 \"-\" \"PostmanRuntime/7.39.1\""}
{"level":"info","message":"::1 - - [06/Nov/2024:10:09:39 +0000] \"GET /api/categories HTTP/1.1\" 200 160 \"-\" \"PostmanRuntime/7.39.1\""}
{"level":"info","message":"::1 - - [06/Nov/2024:10:12:02 +0000] \"GET /api/categories HTTP/1.1\" 200 160 \"-\" \"PostmanRuntime/7.39.1\""}
{"level":"info","message":"::1 - - [06/Nov/2024:10:14:21 +0000] \"GET /api/categories HTTP/1.1\" 500 88 \"-\" \"PostmanRuntime/7.39.1\""}
{"level":"info","message":"::1 - - [06/Nov/2024:10:14:47 +0000] \"GET /api/categories HTTP/1.1\" 200 80 \"-\" \"PostmanRuntime/7.39.1\""}
{"level":"info","message":"::1 - - [06/Nov/2024:10:14:48 +0000] \"GET /api/categories HTTP/1.1\" 200 80 \"-\" \"PostmanRuntime/7.39.1\""}
{"level":"info","message":"::1 - - [06/Nov/2024:10:15:50 +0000] \"GET /api/categories HTTP/1.1\" 200 77 \"-\" \"PostmanRuntime/7.39.1\""}
{"level":"info","message":"::1 - - [06/Nov/2024:10:17:37 +0000] \"GET /api/categories HTTP/1.1\" 200 80 \"-\" \"PostmanRuntime/7.39.1\""}
{"level":"info","message":"::1 - - [06/Nov/2024:10:17:56 +0000] \"GET /api/categories HTTP/1.1\" 200 160 \"-\" \"PostmanRuntime/7.39.1\""}
{"level":"info","message":"::1 - - [06/Nov/2024:10:17:57 +0000] \"GET /api/categories HTTP/1.1\" 200 160 \"-\" \"PostmanRuntime/7.39.1\""}
{"level":"info","message":"::1 - - [06/Nov/2024:10:18:19 +0000] \"GET /api/categories HTTP/1.1\" 200 160 \"-\" \"PostmanRuntime/7.39.1\""}
{"level":"info","message":"::1 - - [06/Nov/2024:10:18:31 +0000] \"GET /api/categories HTTP/1.1\" 200 160 \"-\" \"PostmanRuntime/7.39.1\""}
{"level":"info","message":"::1 - - [06/Nov/2024:10:19:23 +0000] \"GET /api/categories HTTP/1.1\" 200 160 \"-\" \"PostmanRuntime/7.39.1\""}
{"level":"info","message":"::1 - - [06/Nov/2024:10:20:45 +0000] \"GET /api/categories/2 HTTP/1.1\" 200 292 \"-\" \"PostmanRuntime/7.39.1\""}
{"level":"info","message":"::1 - - [06/Nov/2024:10:20:46 +0000] \"GET /api/categories/2 HTTP/1.1\" 200 292 \"-\" \"PostmanRuntime/7.39.1\""}
{"level":"info","message":"::1 - - [06/Nov/2024:10:20:47 +0000] \"GET /api/categories/2 HTTP/1.1\" 200 292 \"-\" \"PostmanRuntime/7.39.1\""}
{"level":"info","message":"::1 - - [06/Nov/2024:10:20:49 +0000] \"GET /api/categories/2 HTTP/1.1\" 200 292 \"-\" \"PostmanRuntime/7.39.1\""}
{"level":"info","message":"::1 - - [06/Nov/2024:10:20:54 +0000] \"GET /api/categories/2 HTTP/1.1\" 200 292 \"-\" \"PostmanRuntime/7.39.1\""}
{"level":"info","message":"::1 - - [06/Nov/2024:10:21:14 +0000] \"GET /api/categories/2 HTTP/1.1\" 200 292 \"-\" \"PostmanRuntime/7.39.1\""}
{"level":"info","message":"::1 - - [06/Nov/2024:10:21:38 +0000] \"GET /api/categories/1 HTTP/1.1\" 200 292 \"-\" \"PostmanRuntime/7.39.1\""}
{"level":"info","message":"::1 - - [06/Nov/2024:10:21:39 +0000] \"GET /api/categories/1 HTTP/1.1\" 200 292 \"-\" \"PostmanRuntime/7.39.1\""}
{"level":"info","message":"::1 - - [06/Nov/2024:10:22:26 +0000] \"GET /api/categories/1 HTTP/1.1\" 200 292 \"-\" \"PostmanRuntime/7.39.1\""}
{"level":"info","message":"::1 - - [06/Nov/2024:10:22:27 +0000] \"GET /api/categories/1 HTTP/1.1\" 200 292 \"-\" \"PostmanRuntime/7.39.1\""}
{"level":"info","message":"::1 - - [06/Nov/2024:10:22:29 +0000] \"GET /api/categories/1 HTTP/1.1\" 200 292 \"-\" \"PostmanRuntime/7.39.1\""}
{"level":"info","message":"::1 - - [06/Nov/2024:10:23:04 +0000] \"GET /api/categories/1 HTTP/1.1\" 500 487 \"-\" \"PostmanRuntime/7.39.1\""}
{"level":"info","message":"::1 - - [06/Nov/2024:10:23:05 +0000] \"GET /api/categories/1 HTTP/1.1\" 500 487 \"-\" \"PostmanRuntime/7.39.1\""}
{"level":"info","message":"::1 - - [06/Nov/2024:10:23:36 +0000] \"GET /api/categories/1 HTTP/1.1\" 500 487 \"-\" \"PostmanRuntime/7.39.1\""}
{"level":"info","message":"::1 - - [06/Nov/2024:10:24:08 +0000] \"GET /api/categories/1 HTTP/1.1\" 200 292 \"-\" \"PostmanRuntime/7.39.1\""}
{"level":"info","message":"::1 - - [06/Nov/2024:10:24:47 +0000] \"GET /api/categories/1 HTTP/1.1\" 200 292 \"-\" \"PostmanRuntime/7.39.1\""}
{"level":"info","message":"::1 - - [06/Nov/2024:10:27:34 +0000] \"GET /api/products HTTP/1.1\" 200 952 \"-\" \"PostmanRuntime/7.39.1\""}
{"level":"info","message":"::1 - - [06/Nov/2024:10:27:41 +0000] \"GET /api/products/1 HTTP/1.1\" 200 235 \"-\" \"PostmanRuntime/7.39.1\""}
{"level":"info","message":"::1 - - [06/Nov/2024:10:27:43 +0000] \"GET /api/products/1 HTTP/1.1\" 200 235 \"-\" \"PostmanRuntime/7.39.1\""}
{"level":"info","message":"::1 - - [06/Nov/2024:10:27:45 +0000] \"GET /api/products/1 HTTP/1.1\" 200 235 \"-\" \"PostmanRuntime/7.39.1\""}
{"level":"info","message":"::1 - - [06/Nov/2024:10:27:46 +0000] \"GET /api/products/1 HTTP/1.1\" 200 235 \"-\" \"PostmanRuntime/7.39.1\""}
{"level":"info","message":"::1 - - [06/Nov/2024:10:30:37 +0000] \"GET /api/products/1 HTTP/1.1\" 500 416 \"-\" \"PostmanRuntime/7.39.1\""}
{"level":"info","message":"::1 - - [06/Nov/2024:10:31:13 +0000] \"GET /api/products/1 HTTP/1.1\" 200 235 \"-\" \"PostmanRuntime/7.39.1\""}
{"level":"info","message":"::1 - - [06/Nov/2024:10:31:51 +0000] \"GET /api/products/1 HTTP/1.1\" 200 235 \"-\" \"PostmanRuntime/7.39.1\""}
{"level":"info","message":"::1 - - [06/Nov/2024:10:32:38 +0000] \"GET /api/products/1 HTTP/1.1\" 200 235 \"-\" \"PostmanRuntime/7.39.1\""}
{"level":"info","message":"::1 - - [06/Nov/2024:10:32:56 +0000] \"GET /api/products/1 HTTP/1.1\" 200 235 \"-\" \"PostmanRuntime/7.39.1\""}
{"level":"info","message":"::1 - - [06/Nov/2024:10:36:08 +0000] \"GET /api/categories HTTP/1.1\" 200 160 \"-\" \"PostmanRuntime/7.39.1\""}
{"level":"info","message":"::1 - - [06/Nov/2024:10:36:15 +0000] \"GET /api/categories/1 HTTP/1.1\" 200 292 \"-\" \"PostmanRuntime/7.39.1\""}
{"level":"info","message":"::1 - - [06/Nov/2024:10:36:17 +0000] \"GET /api/categories/1 HTTP/1.1\" 200 292 \"-\" \"PostmanRuntime/7.39.1\""}
{"level":"info","message":"::1 - - [06/Nov/2024:10:36:18 +0000] \"GET /api/categories/1 HTTP/1.1\" 200 292 \"-\" \"PostmanRuntime/7.39.1\""}
{"level":"info","message":"::1 - - [06/Nov/2024:10:36:36 +0000] \"GET /api/products/1 HTTP/1.1\" 200 235 \"-\" \"PostmanRuntime/7.39.1\""}
{"level":"info","message":"::1 - - [06/Nov/2024:10:36:42 +0000] \"GET /api/products HTTP/1.1\" 200 952 \"-\" \"PostmanRuntime/7.39.1\""}
{"level":"info","message":"::1 - - [06/Nov/2024:10:36:44 +0000] \"GET /api/products HTTP/1.1\" 200 952 \"-\" \"PostmanRuntime/7.39.1\""}
{"level":"info","message":"::1 - - [06/Nov/2024:10:50:03 +0000] \"GET /api/products/total HTTP/1.1\" 500 352 \"-\" \"PostmanRuntime/7.39.1\""}
{"level":"info","message":"::1 - - [06/Nov/2024:10:50:43 +0000] \"GET /api/products/total HTTP/1.1\" 500 352 \"-\" \"PostmanRuntime/7.39.1\""}
{"level":"info","message":"::1 - - [06/Nov/2024:10:51:17 +0000] \"GET /api/products/total HTTP/1.1\" 500 356 \"-\" \"PostmanRuntime/7.39.1\""}
{"level":"info","message":"::1 - - [06/Nov/2024:10:51:29 +0000] \"GET /api/products/total HTTP/1.1\" 500 356 \"-\" \"PostmanRuntime/7.39.1\""}
{"level":"info","message":"::1 - - [06/Nov/2024:10:53:04 +0000] \"GET /api/products/total HTTP/1.1\" 200 66 \"-\" \"PostmanRuntime/7.39.1\""}
{"level":"info","message":"::1 - - [06/Nov/2024:10:53:19 +0000] \"GET /api/products/total HTTP/1.1\" 200 66 \"-\" \"PostmanRuntime/7.39.1\""}
{"level":"info","message":"::1 - - [06/Nov/2024:10:53:20 +0000] \"GET /api/products/total HTTP/1.1\" 200 66 \"-\" \"PostmanRuntime/7.39.1\""}
{"level":"info","message":"::1 - - [06/Nov/2024:10:53:49 +0000] \"GET /api/products/total HTTP/1.1\" 200 67 \"-\" \"PostmanRuntime/7.39.1\""}
{"level":"info","message":"::1 - - [06/Nov/2024:10:54:26 +0000] \"GET /api/products/total HTTP/1.1\" 200 66 \"-\" \"PostmanRuntime/7.39.1\""}
{"level":"info","message":"::1 - - [06/Nov/2024:10:54:39 +0000] \"GET /api/products/total HTTP/1.1\" 200 66 \"-\" \"PostmanRuntime/7.39.1\""}
{"level":"info","message":"::1 - - [06/Nov/2024:11:02:03 +0000] \"GET /api/products/total HTTP/1.1\" 500 667 \"-\" \"PostmanRuntime/7.39.1\""}
{"level":"info","message":"::1 - - [06/Nov/2024:11:02:07 +0000] \"GET /api/products/total HTTP/1.1\" 500 667 \"-\" \"PostmanRuntime/7.39.1\""}
{"level":"info","message":"::1 - - [06/Nov/2024:11:03:58 +0000] \"GET /api/categories/1 HTTP/1.1\" 200 292 \"-\" \"PostmanRuntime/7.39.1\""}
{"level":"info","message":"::1 - - [06/Nov/2024:11:04:10 +0000] \"GET /api/products/total HTTP/1.1\" 500 667 \"-\" \"PostmanRuntime/7.39.1\""}
{"level":"info","message":"::1 - - [06/Nov/2024:11:05:13 +0000] \"GET /api/products/total HTTP/1.1\" 500 588 \"-\" \"PostmanRuntime/7.39.1\""}
{"level":"info","message":"::1 - - [06/Nov/2024:11:06:02 +0000] \"GET /api/products/total HTTP/1.1\" 500 588 \"-\" \"PostmanRuntime/7.39.1\""}
{"level":"info","message":"::1 - - [06/Nov/2024:11:06:19 +0000] \"GET /api/products HTTP/1.1\" 200 952 \"-\" \"PostmanRuntime/7.39.1\""}
{"level":"info","message":"::1 - - [06/Nov/2024:11:07:33 +0000] \"GET /api/products HTTP/1.1\" 200 952 \"-\" \"PostmanRuntime/7.39.1\""}
{"level":"info","message":"::1 - - [06/Nov/2024:11:07:42 +0000] \"GET /api/products/total HTTP/1.1\" 200 66 \"-\" \"PostmanRuntime/7.39.1\""}
{"level":"info","message":"::1 - - [06/Nov/2024:11:09:25 +0000] \"GET /api/products/total HTTP/1.1\" 200 66 \"-\" \"PostmanRuntime/7.42.0\""}
{"level":"info","message":"::1 - - [06/Nov/2024:11:22:25 +0000] \"GET /api/products/1 HTTP/1.1\" 404 153 \"-\" \"PostmanRuntime/7.39.1\""}
{"level":"info","message":"::1 - - [06/Nov/2024:11:23:13 +0000] \"GET /api/products/1 HTTP/1.1\" 200 109 \"-\" \"PostmanRuntime/7.39.1\""}
{"level":"info","message":"::1 - - [06/Nov/2024:11:23:15 +0000] \"GET /api/products/1 HTTP/1.1\" 200 109 \"-\" \"PostmanRuntime/7.39.1\""}
{"level":"info","message":"::1 - - [06/Nov/2024:11:23:43 +0000] \"GET /api/products/1 HTTP/1.1\" 200 109 \"-\" \"PostmanRuntime/7.39.1\""}
{"level":"info","message":"::1 - - [06/Nov/2024:11:23:53 +0000] \"GET /api/products/1 HTTP/1.1\" 200 109 \"-\" \"PostmanRuntime/7.39.1\""}
{"level":"info","message":"::1 - - [06/Nov/2024:11:24:21 +0000] \"GET /api/products/1 HTTP/1.1\" 200 92 \"-\" \"PostmanRuntime/7.39.1\""}
{"level":"info","message":"::1 - - [06/Nov/2024:11:24:26 +0000] \"GET /api/products/1 HTTP/1.1\" 200 92 \"-\" \"PostmanRuntime/7.39.1\""}
{"level":"info","message":"::1 - - [06/Nov/2024:11:24:40 +0000] \"GET /api/products/1 HTTP/1.1\" 200 92 \"-\" \"PostmanRuntime/7.39.1\""}
{"level":"info","message":"::1 - - [06/Nov/2024:11:24:50 +0000] \"GET /api/products/1 HTTP/1.1\" 200 92 \"-\" \"PostmanRuntime/7.39.1\""}
{"level":"info","message":"::1 - - [06/Nov/2024:11:25:10 +0000] \"GET /api/products/1 HTTP/1.1\" 200 109 \"-\" \"PostmanRuntime/7.39.1\""}
{"level":"info","message":"::1 - - [06/Nov/2024:11:25:38 +0000] \"GET /api/products/1 HTTP/1.1\" 200 235 \"-\" \"PostmanRuntime/7.39.1\""}
{"level":"info","message":"::1 - - [06/Nov/2024:11:25:44 +0000] \"GET /api/products/1 HTTP/1.1\" 200 235 \"-\" \"PostmanRuntime/7.39.1\""}
{"level":"info","message":"::1 - - [06/Nov/2024:11:26:32 +0000] \"GET /api/products/1 HTTP/1.1\" 200 235 \"-\" \"PostmanRuntime/7.42.0\""}
{"level":"info","message":"::1 - - [06/Nov/2024:11:42:52 +0000] \"GET /api/categories HTTP/1.1\" 200 160 \"-\" \"PostmanRuntime/7.39.1\""}
{"level":"info","message":"::1 - - [06/Nov/2024:11:43:08 +0000] \"GET /api/categories HTTP/1.1\" 200 160 \"-\" \"PostmanRuntime/7.42.0\""}
{"level":"info","message":"::1 - - [06/Nov/2024:11:43:16 +0000] \"GET /api/categories/1 HTTP/1.1\" 200 292 \"-\" \"PostmanRuntime/7.42.0\""}
{"level":"info","message":"::1 - - [06/Nov/2024:11:43:45 +0000] \"GET /api/products HTTP/1.1\" 200 952 \"-\" \"PostmanRuntime/7.42.0\""}
{"level":"info","message":"::1 - - [06/Nov/2024:11:43:57 +0000] \"GET /api/categories HTTP/1.1\" 200 160 \"-\" \"PostmanRuntime/7.42.0\""}
{"level":"info","message":"::1 - - [11/Nov/2024:04:18:07 +0000] \"GET /api/products HTTP/1.1\" 200 952 \"-\" \"PostmanRuntime/7.39.1\""}
{"level":"info","message":"::1 - - [11/Nov/2024:04:18:30 +0000] \"GET /api/products HTTP/1.1\" 200 952 \"-\" \"PostmanRuntime/7.39.1\""}
{"level":"info","message":"::1 - - [11/Nov/2024:04:18:32 +0000] \"GET /api/products HTTP/1.1\" 200 952 \"-\" \"PostmanRuntime/7.39.1\""}
{"level":"info","message":"::1 - - [11/Nov/2024:04:19:11 +0000] \"GET /api/products HTTP/1.1\" 200 952 \"-\" \"PostmanRuntime/7.39.1\""}
{"level":"info","message":"::1 - - [11/Nov/2024:04:19:36 +0000] \"GET /api/products HTTP/1.1\" 200 952 \"-\" \"PostmanRuntime/7.39.1\""}
{"level":"info","message":"::1 - - [11/Nov/2024:04:24:34 +0000] \"GET /api/products HTTP/1.1\" 200 952 \"-\" \"PostmanRuntime/7.39.1\""}
{"level":"info","message":"::1 - - [11/Nov/2024:04:24:35 +0000] \"GET /api/products HTTP/1.1\" 200 952 \"-\" \"PostmanRuntime/7.39.1\""}
{"level":"info","message":"::1 - - [11/Nov/2024:04:24:46 +0000] \"GET /api/products HTTP/1.1\" 200 952 \"-\" \"PostmanRuntime/7.39.1\""}
{"level":"info","message":"::1 - - [11/Nov/2024:04:24:47 +0000] \"GET /api/products HTTP/1.1\" 200 952 \"-\" \"PostmanRuntime/7.39.1\""}
{"level":"info","message":"::1 - - [11/Nov/2024:04:25:00 +0000] \"GET /api/products HTTP/1.1\" 200 952 \"-\" \"PostmanRuntime/7.39.1\""}
{"level":"info","message":"::1 - - [11/Nov/2024:04:25:17 +0000] \"GET /api/products HTTP/1.1\" 200 952 \"-\" \"PostmanRuntime/7.39.1\""}
{"level":"info","message":"::1 - - [11/Nov/2024:04:26:41 +0000] \"GET /api/products HTTP/1.1\" 200 952 \"-\" \"PostmanRuntime/7.39.1\""}
{"level":"info","message":"::1 - - [11/Nov/2024:04:27:14 +0000] \"GET /api/products HTTP/1.1\" 200 952 \"-\" \"PostmanRuntime/7.39.1\""}
{"level":"info","message":"::1 - - [11/Nov/2024:04:27:23 +0000] \"POST /api/products HTTP/1.1\" 500 316 \"-\" \"PostmanRuntime/7.39.1\""}
{"level":"info","message":"::1 - - [11/Nov/2024:04:27:41 +0000] \"POST /api/products HTTP/1.1\" 500 316 \"-\" \"PostmanRuntime/7.39.1\""}
{"level":"info","message":"::1 - - [11/Nov/2024:04:31:05 +0000] \"GET /api/products HTTP/1.1\" 200 952 \"-\" \"PostmanRuntime/7.39.1\""}
